{
  "stats": {
    "suites": 2,
    "tests": 2,
    "passes": 1,
    "pending": 1,
    "failures": 0,
    "start": "2023-02-01T05:07:22.242Z",
    "end": "2023-02-01T05:07:27.929Z",
    "duration": 4707,
    "testsRegistered": 2,
    "passPercent": 50,
    "pendingPercent": 50,
    "other": 0,
    "hasOther": false,
    "skipped": 0,
    "hasSkipped": false
  },
  "results": [
    {
      "uuid": "5382bbdf-2d07-433f-a3f4-4c1b97154d1e",
      "title": "",
      "fullFile": "cypress/integration/firstTestCy6.spec.js",
      "file": "cypress/integration/firstTestCy6.spec.js",
      "beforeHooks": [],
      "afterHooks": [],
      "tests": [],
      "suites": [
        {
          "uuid": "7a40e038-faf6-457f-8a75-7895a1c3c4b8",
          "title": "Test with backend",
          "fullFile": "",
          "file": "",
          "beforeHooks": [],
          "afterHooks": [],
          "tests": [
            {
              "title": "should intercept and modify the request and response",
              "fullTitle": "Test with backend should intercept and modify the request and response",
              "timedOut": null,
              "duration": 0,
              "state": "pending",
              "speed": null,
              "pass": false,
              "fail": false,
              "pending": true,
              "context": null,
              "code": "",
              "err": {},
              "uuid": "1e02ccbf-527e-42e5-828f-1723c5d9fbce",
              "parentUUID": "7a40e038-faf6-457f-8a75-7895a1c3c4b8",
              "isHook": false,
              "skipped": false
            }
          ],
          "suites": [],
          "passes": [],
          "failures": [],
          "pending": [
            "1e02ccbf-527e-42e5-828f-1723c5d9fbce"
          ],
          "skipped": [],
          "duration": 0,
          "root": false,
          "rootEmpty": false,
          "_timeout": 2000
        }
      ],
      "passes": [],
      "failures": [],
      "pending": [],
      "skipped": [],
      "duration": 0,
      "root": true,
      "rootEmpty": true,
      "_timeout": 2000
    },
    {
      "uuid": "8e8f92ab-0c07-444b-a990-5ae03bf2324e",
      "title": "",
      "fullFile": "cypress/integration/firstTest.spec.js",
      "file": "cypress/integration/firstTest.spec.js",
      "beforeHooks": [],
      "afterHooks": [],
      "tests": [],
      "suites": [
        {
          "uuid": "aeef6ff0-c62e-4303-916c-0dba2e6b07fa",
          "title": "Test with backend",
          "fullFile": "",
          "file": "",
          "beforeHooks": [],
          "afterHooks": [],
          "tests": [
            {
              "title": "should delete a new article in a global feed",
              "fullTitle": "Test with backend should delete a new article in a global feed",
              "timedOut": null,
              "duration": 4707,
              "state": "passed",
              "speed": "slow",
              "pass": true,
              "fail": false,
              "pending": false,
              "context": null,
              "code": "const bodyRequest = {\n  \"article\": {\n    \"taglist\": [],\n    \"title\": \"Request from API 2-4\",\n    \"description\": \"API testing is easy\",\n    \"body\": \"Angular is cool\"\n  }\n};\ncy.get('@token').then(token => {\n  cy.request({\n    url: Cypress.env('apiUrl') + 'api/articles/',\n    headers: {\n      \"Authorization\": `Token ${token}`,\n      \"Content-type\": \"application/json\",\n      \"Accept\": \"*/*\"\n    },\n    method: \"POST\",\n    body: bodyRequest\n  }).then(response => {\n    expect(response.status).to.equal(200);\n  });\n  cy.contains('Global Feed').click();\n  cy.get('.article-preview').first().click();\n  cy.get('.article-actions').contains('Delete Article').click();\n  cy.request({\n    url: Cypress.env('apiUrl') + 'api/articles?limit=10&offset=0',\n    headers: {\n      \"Authorization\": `Token ${token}`\n    },\n    method: \"GET\"\n  }).its('body').then(body => {\n    //console.log(body)\n    expect(body.articles[0].title).not.to.equal(bodyRequest.article.title);\n  });\n});",
              "err": {},
              "uuid": "7807b7cc-0789-4531-bfab-52fba4104a8b",
              "parentUUID": "aeef6ff0-c62e-4303-916c-0dba2e6b07fa",
              "isHook": false,
              "skipped": false
            }
          ],
          "suites": [],
          "passes": [
            "7807b7cc-0789-4531-bfab-52fba4104a8b"
          ],
          "failures": [],
          "pending": [],
          "skipped": [],
          "duration": 4707,
          "root": false,
          "rootEmpty": false,
          "_timeout": 2000
        }
      ],
      "passes": [],
      "failures": [],
      "pending": [],
      "skipped": [],
      "duration": 0,
      "root": true,
      "rootEmpty": true,
      "_timeout": 2000
    }
  ],
  "meta": {
    "mocha": {
      "version": "7.0.1"
    },
    "mochawesome": {
      "options": {
        "quiet": false,
        "reportFilename": "mochawesome",
        "saveHtml": false,
        "saveJson": true,
        "consoleReporter": "spec",
        "useInlineDiffs": false,
        "code": true
      },
      "version": "7.1.3"
    },
    "marge": {
      "options": {
        "id": "default",
        "reportDir": "cypress/results/mochawesome",
        "overwrite": false,
        "html": false,
        "json": true
      },
      "version": "6.2.0"
    }
  }
}